[2024-12-19 06:00:46] local.ERROR: SQLSTATE[42S01]: Base table or view already exists: 1050 Table 'stores' already exists (Connection: mysql, SQL: create table `stores` (`id` bigint unsigned not null auto_increment primary key, `user_id` bigint unsigned not null, `logo` varchar(255) null, `name` varchar(255) not null, `slug` varchar(255) not null, `description` text not null, `created_at` timestamp null, `updated_at` timestamp null) default character set utf8mb4 collate 'utf8mb4_unicode_ci') {"exception":"[object] (Illuminate\\Database\\QueryException(code: 42S01): SQLSTATE[42S01]: Base table or view already exists: 1050 Table 'stores' already exists (Connection: mysql, SQL: create table `stores` (`id` bigint unsigned not null auto_increment primary key, `user_id` bigint unsigned not null, `logo` varchar(255) null, `name` varchar(255) not null, `slug` varchar(255) not null, `description` text not null, `created_at` timestamp null, `updated_at` timestamp null) default character set utf8mb4 collate 'utf8mb4_unicode_ci') at C:\\Users\\Faathir.A.N\\OneDrive\\Documents\\Kuliah Moment\\SEMESTER 5\\P.PBW\\Pertemuan 12\\sticky\\vendor\\laravel\\framework\\src\\Illuminate\\Database\\Connection.php:825)
[stacktrace]
#0 C:\\Users\\Faathir.A.N\\OneDrive\\Documents\\Kuliah Moment\\SEMESTER 5\\P.PBW\\Pertemuan 12\\sticky\\vendor\\laravel\\framework\\src\\Illuminate\\Database\\Connection.php(779): Illuminate\\Database\\Connection->runQueryCallback('create table `s...', Array, Object(Closure))
#1 C:\\Users\\Faathir.A.N\\OneDrive\\Documents\\Kuliah Moment\\SEMESTER 5\\P.PBW\\Pertemuan 12\\sticky\\vendor\\laravel\\framework\\src\\Illuminate\\Database\\Connection.php(560): Illuminate\\Database\\Connection->run('create table `s...', Array, Object(Closure))
#2 C:\\Users\\Faathir.A.N\\OneDrive\\Documents\\Kuliah Moment\\SEMESTER 5\\P.PBW\\Pertemuan 12\\sticky\\vendor\\laravel\\framework\\src\\Illuminate\\Database\\Schema\\Blueprint.php(117): Illuminate\\Database\\Connection->statement('create table `s...')
#3 C:\\Users\\Faathir.A.N\\OneDrive\\Documents\\Kuliah Moment\\SEMESTER 5\\P.PBW\\Pertemuan 12\\sticky\\vendor\\laravel\\framework\\src\\Illuminate\\Database\\Schema\\Builder.php(564): Illuminate\\Database\\Schema\\Blueprint->build(Object(Illuminate\\Database\\MySqlConnection), Object(Illuminate\\Database\\Schema\\Grammars\\MySqlGrammar))
#4 C:\\Users\\Faathir.A.N\\OneDrive\\Documents\\Kuliah Moment\\SEMESTER 5\\P.PBW\\Pertemuan 12\\sticky\\vendor\\laravel\\framework\\src\\Illuminate\\Database\\Schema\\Builder.php(418): Illuminate\\Database\\Schema\\Builder->build(Object(Illuminate\\Database\\Schema\\Blueprint))
#5 C:\\Users\\Faathir.A.N\\OneDrive\\Documents\\Kuliah Moment\\SEMESTER 5\\P.PBW\\Pertemuan 12\\sticky\\vendor\\laravel\\framework\\src\\Illuminate\\Support\\Facades\\Facade.php(358): Illuminate\\Database\\Schema\\Builder->create('stores', Object(Closure))
#6 C:\\Users\\Faathir.A.N\\OneDrive\\Documents\\Kuliah Moment\\SEMESTER 5\\P.PBW\\Pertemuan 12\\sticky\\database\\migrations\\2024_11_22_071512_create_stores_table.php(14): Illuminate\\Support\\Facades\\Facade::__callStatic('create', Array)
#7 C:\\Users\\Faathir.A.N\\OneDrive\\Documents\\Kuliah Moment\\SEMESTER 5\\P.PBW\\Pertemuan 12\\sticky\\vendor\\laravel\\framework\\src\\Illuminate\\Database\\Migrations\\Migrator.php(476): Illuminate\\Database\\Migrations\\Migration@anonymous->up()
#8 C:\\Users\\Faathir.A.N\\OneDrive\\Documents\\Kuliah Moment\\SEMESTER 5\\P.PBW\\Pertemuan 12\\sticky\\vendor\\laravel\\framework\\src\\Illuminate\\Database\\Migrations\\Migrator.php(401): Illuminate\\Database\\Migrations\\Migrator->runMethod(Object(Illuminate\\Database\\MySqlConnection), Object(Illuminate\\Database\\Migrations\\Migration@anonymous), 'up')
#9 C:\\Users\\Faathir.A.N\\OneDrive\\Documents\\Kuliah Moment\\SEMESTER 5\\P.PBW\\Pertemuan 12\\sticky\\vendor\\laravel\\framework\\src\\Illuminate\\Database\\Migrations\\Migrator.php(410): Illuminate\\Database\\Migrations\\Migrator->Illuminate\\Database\\Migrations\\{closure}()
#10 C:\\Users\\Faathir.A.N\\OneDrive\\Documents\\Kuliah Moment\\SEMESTER 5\\P.PBW\\Pertemuan 12\\sticky\\vendor\\laravel\\framework\\src\\Illuminate\\Database\\Migrations\\Migrator.php(213): Illuminate\\Database\\Migrations\\Migrator->runMigration(Object(Illuminate\\Database\\Migrations\\Migration@anonymous), 'up')
#11 C:\\Users\\Faathir.A.N\\OneDrive\\Documents\\Kuliah Moment\\SEMESTER 5\\P.PBW\\Pertemuan 12\\sticky\\vendor\\laravel\\framework\\src\\Illuminate\\Console\\View\\Components\\Task.php(40): Illuminate\\Database\\Migrations\\Migrator->Illuminate\\Database\\Migrations\\{closure}()
#12 C:\\Users\\Faathir.A.N\\OneDrive\\Documents\\Kuliah Moment\\SEMESTER 5\\P.PBW\\Pertemuan 12\\sticky\\vendor\\laravel\\framework\\src\\Illuminate\\Database\\Migrations\\Migrator.php(737): Illuminate\\Console\\View\\Components\\Task->render('2024_11_22_0715...', Object(Closure))
#13 C:\\Users\\Faathir.A.N\\OneDrive\\Documents\\Kuliah Moment\\SEMESTER 5\\P.PBW\\Pertemuan 12\\sticky\\vendor\\laravel\\framework\\src\\Illuminate\\Database\\Migrations\\Migrator.php(213): Illuminate\\Database\\Migrations\\Migrator->write('Illuminate\\\\Cons...', '2024_11_22_0715...', Object(Closure))
#14 C:\\Users\\Faathir.A.N\\OneDrive\\Documents\\Kuliah Moment\\SEMESTER 5\\P.PBW\\Pertemuan 12\\sticky\\vendor\\laravel\\framework\\src\\Illuminate\\Database\\Migrations\\Migrator.php(180): Illuminate\\Database\\Migrations\\Migrator->runUp('C:\\\\Users\\\\Faathi...', 2, false)
#15 C:\\Users\\Faathir.A.N\\OneDrive\\Documents\\Kuliah Moment\\SEMESTER 5\\P.PBW\\Pertemuan 12\\sticky\\vendor\\laravel\\framework\\src\\Illuminate\\Database\\Migrations\\Migrator.php(123): Illuminate\\Database\\Migrations\\Migrator->runPending(Array, Array)
#16 C:\\Users\\Faathir.A.N\\OneDrive\\Documents\\Kuliah Moment\\SEMESTER 5\\P.PBW\\Pertemuan 12\\sticky\\vendor\\laravel\\framework\\src\\Illuminate\\Database\\Console\\Migrations\\MigrateCommand.php(116): Illuminate\\Database\\Migrations\\Migrator->run(Array, Array)
#17 C:\\Users\\Faathir.A.N\\OneDrive\\Documents\\Kuliah Moment\\SEMESTER 5\\P.PBW\\Pertemuan 12\\sticky\\vendor\\laravel\\framework\\src\\Illuminate\\Database\\Migrations\\Migrator.php(616): Illuminate\\Database\\Console\\Migrations\\MigrateCommand->Illuminate\\Database\\Console\\Migrations\\{closure}()
#18 C:\\Users\\Faathir.A.N\\OneDrive\\Documents\\Kuliah Moment\\SEMESTER 5\\P.PBW\\Pertemuan 12\\sticky\\vendor\\laravel\\framework\\src\\Illuminate\\Database\\Console\\Migrations\\MigrateCommand.php(109): Illuminate\\Database\\Migrations\\Migrator->usingConnection(NULL, Object(Closure))
#19 C:\\Users\\Faathir.A.N\\OneDrive\\Documents\\Kuliah Moment\\SEMESTER 5\\P.PBW\\Pertemuan 12\\sticky\\vendor\\laravel\\framework\\src\\Illuminate\\Database\\Console\\Migrations\\MigrateCommand.php(88): Illuminate\\Database\\Console\\Migrations\\MigrateCommand->runMigrations()
#20 C:\\Users\\Faathir.A.N\\OneDrive\\Documents\\Kuliah Moment\\SEMESTER 5\\P.PBW\\Pertemuan 12\\sticky\\vendor\\laravel\\framework\\src\\Illuminate\\Container\\BoundMethod.php(36): Illuminate\\Database\\Console\\Migrations\\MigrateCommand->handle()
#21 C:\\Users\\Faathir.A.N\\OneDrive\\Documents\\Kuliah Moment\\SEMESTER 5\\P.PBW\\Pertemuan 12\\sticky\\vendor\\laravel\\framework\\src\\Illuminate\\Container\\Util.php(43): Illuminate\\Container\\BoundMethod::Illuminate\\Container\\{closure}()
#22 C:\\Users\\Faathir.A.N\\OneDrive\\Documents\\Kuliah Moment\\SEMESTER 5\\P.PBW\\Pertemuan 12\\sticky\\vendor\\laravel\\framework\\src\\Illuminate\\Container\\BoundMethod.php(95): Illuminate\\Container\\Util::unwrapIfClosure(Object(Closure))
#23 C:\\Users\\Faathir.A.N\\OneDrive\\Documents\\Kuliah Moment\\SEMESTER 5\\P.PBW\\Pertemuan 12\\sticky\\vendor\\laravel\\framework\\src\\Illuminate\\Container\\BoundMethod.php(35): Illuminate\\Container\\BoundMethod::callBoundMethod(Object(Illuminate\\Foundation\\Application), Array, Object(Closure))
#24 C:\\Users\\Faathir.A.N\\OneDrive\\Documents\\Kuliah Moment\\SEMESTER 5\\P.PBW\\Pertemuan 12\\sticky\\vendor\\laravel\\framework\\src\\Illuminate\\Container\\Container.php(694): Illuminate\\Container\\BoundMethod::call(Object(Illuminate\\Foundation\\Application), Array, Array, NULL)
#25 C:\\Users\\Faathir.A.N\\OneDrive\\Documents\\Kuliah Moment\\SEMESTER 5\\P.PBW\\Pertemuan 12\\sticky\\vendor\\laravel\\framework\\src\\Illuminate\\Console\\Command.php(213): Illuminate\\Container\\Container->call(Array)
#26 C:\\Users\\Faathir.A.N\\OneDrive\\Documents\\Kuliah Moment\\SEMESTER 5\\P.PBW\\Pertemuan 12\\sticky\\vendor\\symfony\\console\\Command\\Command.php(279): Illuminate\\Console\\Command->execute(Object(Symfony\\Component\\Console\\Input\\ArgvInput), Object(Illuminate\\Console\\OutputStyle))
#27 C:\\Users\\Faathir.A.N\\OneDrive\\Documents\\Kuliah Moment\\SEMESTER 5\\P.PBW\\Pertemuan 12\\sticky\\vendor\\laravel\\framework\\src\\Illuminate\\Console\\Command.php(182): Symfony\\Component\\Console\\Command\\Command->run(Object(Symfony\\Component\\Console\\Input\\ArgvInput), Object(Illuminate\\Console\\OutputStyle))
#28 C:\\Users\\Faathir.A.N\\OneDrive\\Documents\\Kuliah Moment\\SEMESTER 5\\P.PBW\\Pertemuan 12\\sticky\\vendor\\symfony\\console\\Application.php(1047): Illuminate\\Console\\Command->run(Object(Symfony\\Component\\Console\\Input\\ArgvInput), Object(Symfony\\Component\\Console\\Output\\ConsoleOutput))
#29 C:\\Users\\Faathir.A.N\\OneDrive\\Documents\\Kuliah Moment\\SEMESTER 5\\P.PBW\\Pertemuan 12\\sticky\\vendor\\symfony\\console\\Application.php(316): Symfony\\Component\\Console\\Application->doRunCommand(Object(Illuminate\\Database\\Console\\Migrations\\MigrateCommand), Object(Symfony\\Component\\Console\\Input\\ArgvInput), Object(Symfony\\Component\\Console\\Output\\ConsoleOutput))
#30 C:\\Users\\Faathir.A.N\\OneDrive\\Documents\\Kuliah Moment\\SEMESTER 5\\P.PBW\\Pertemuan 12\\sticky\\vendor\\symfony\\console\\Application.php(167): Symfony\\Component\\Console\\Application->doRun(Object(Symfony\\Component\\Console\\Input\\ArgvInput), Object(Symfony\\Component\\Console\\Output\\ConsoleOutput))
#31 C:\\Users\\Faathir.A.N\\OneDrive\\Documents\\Kuliah Moment\\SEMESTER 5\\P.PBW\\Pertemuan 12\\sticky\\vendor\\laravel\\framework\\src\\Illuminate\\Foundation\\Console\\Kernel.php(197): Symfony\\Component\\Console\\Application->run(Object(Symfony\\Component\\Console\\Input\\ArgvInput), Object(Symfony\\Component\\Console\\Output\\ConsoleOutput))
#32 C:\\Users\\Faathir.A.N\\OneDrive\\Documents\\Kuliah Moment\\SEMESTER 5\\P.PBW\\Pertemuan 12\\sticky\\vendor\\laravel\\framework\\src\\Illuminate\\Foundation\\Application.php(1205): Illuminate\\Foundation\\Console\\Kernel->handle(Object(Symfony\\Component\\Console\\Input\\ArgvInput), Object(Symfony\\Component\\Console\\Output\\ConsoleOutput))
#33 C:\\Users\\Faathir.A.N\\OneDrive\\Documents\\Kuliah Moment\\SEMESTER 5\\P.PBW\\Pertemuan 12\\sticky\\artisan(13): Illuminate\\Foundation\\Application->handleCommand(Object(Symfony\\Component\\Console\\Input\\ArgvInput))
#34 {main}

[previous exception] [object] (PDOException(code: 42S01): SQLSTATE[42S01]: Base table or view already exists: 1050 Table 'stores' already exists at C:\\Users\\Faathir.A.N\\OneDrive\\Documents\\Kuliah Moment\\SEMESTER 5\\P.PBW\\Pertemuan 12\\sticky\\vendor\\laravel\\framework\\src\\Illuminate\\Database\\Connection.php:571)
[stacktrace]
#0 C:\\Users\\Faathir.A.N\\OneDrive\\Documents\\Kuliah Moment\\SEMESTER 5\\P.PBW\\Pertemuan 12\\sticky\\vendor\\laravel\\framework\\src\\Illuminate\\Database\\Connection.php(571): PDOStatement->execute()
#1 C:\\Users\\Faathir.A.N\\OneDrive\\Documents\\Kuliah Moment\\SEMESTER 5\\P.PBW\\Pertemuan 12\\sticky\\vendor\\laravel\\framework\\src\\Illuminate\\Database\\Connection.php(812): Illuminate\\Database\\Connection->Illuminate\\Database\\{closure}('create table `s...', Array)
#2 C:\\Users\\Faathir.A.N\\OneDrive\\Documents\\Kuliah Moment\\SEMESTER 5\\P.PBW\\Pertemuan 12\\sticky\\vendor\\laravel\\framework\\src\\Illuminate\\Database\\Connection.php(779): Illuminate\\Database\\Connection->runQueryCallback('create table `s...', Array, Object(Closure))
#3 C:\\Users\\Faathir.A.N\\OneDrive\\Documents\\Kuliah Moment\\SEMESTER 5\\P.PBW\\Pertemuan 12\\sticky\\vendor\\laravel\\framework\\src\\Illuminate\\Database\\Connection.php(560): Illuminate\\Database\\Connection->run('create table `s...', Array, Object(Closure))
#4 C:\\Users\\Faathir.A.N\\OneDrive\\Documents\\Kuliah Moment\\SEMESTER 5\\P.PBW\\Pertemuan 12\\sticky\\vendor\\laravel\\framework\\src\\Illuminate\\Database\\Schema\\Blueprint.php(117): Illuminate\\Database\\Connection->statement('create table `s...')
#5 C:\\Users\\Faathir.A.N\\OneDrive\\Documents\\Kuliah Moment\\SEMESTER 5\\P.PBW\\Pertemuan 12\\sticky\\vendor\\laravel\\framework\\src\\Illuminate\\Database\\Schema\\Builder.php(564): Illuminate\\Database\\Schema\\Blueprint->build(Object(Illuminate\\Database\\MySqlConnection), Object(Illuminate\\Database\\Schema\\Grammars\\MySqlGrammar))
#6 C:\\Users\\Faathir.A.N\\OneDrive\\Documents\\Kuliah Moment\\SEMESTER 5\\P.PBW\\Pertemuan 12\\sticky\\vendor\\laravel\\framework\\src\\Illuminate\\Database\\Schema\\Builder.php(418): Illuminate\\Database\\Schema\\Builder->build(Object(Illuminate\\Database\\Schema\\Blueprint))
#7 C:\\Users\\Faathir.A.N\\OneDrive\\Documents\\Kuliah Moment\\SEMESTER 5\\P.PBW\\Pertemuan 12\\sticky\\vendor\\laravel\\framework\\src\\Illuminate\\Support\\Facades\\Facade.php(358): Illuminate\\Database\\Schema\\Builder->create('stores', Object(Closure))
#8 C:\\Users\\Faathir.A.N\\OneDrive\\Documents\\Kuliah Moment\\SEMESTER 5\\P.PBW\\Pertemuan 12\\sticky\\database\\migrations\\2024_11_22_071512_create_stores_table.php(14): Illuminate\\Support\\Facades\\Facade::__callStatic('create', Array)
#9 C:\\Users\\Faathir.A.N\\OneDrive\\Documents\\Kuliah Moment\\SEMESTER 5\\P.PBW\\Pertemuan 12\\sticky\\vendor\\laravel\\framework\\src\\Illuminate\\Database\\Migrations\\Migrator.php(476): Illuminate\\Database\\Migrations\\Migration@anonymous->up()
#10 C:\\Users\\Faathir.A.N\\OneDrive\\Documents\\Kuliah Moment\\SEMESTER 5\\P.PBW\\Pertemuan 12\\sticky\\vendor\\laravel\\framework\\src\\Illuminate\\Database\\Migrations\\Migrator.php(401): Illuminate\\Database\\Migrations\\Migrator->runMethod(Object(Illuminate\\Database\\MySqlConnection), Object(Illuminate\\Database\\Migrations\\Migration@anonymous), 'up')
#11 C:\\Users\\Faathir.A.N\\OneDrive\\Documents\\Kuliah Moment\\SEMESTER 5\\P.PBW\\Pertemuan 12\\sticky\\vendor\\laravel\\framework\\src\\Illuminate\\Database\\Migrations\\Migrator.php(410): Illuminate\\Database\\Migrations\\Migrator->Illuminate\\Database\\Migrations\\{closure}()
#12 C:\\Users\\Faathir.A.N\\OneDrive\\Documents\\Kuliah Moment\\SEMESTER 5\\P.PBW\\Pertemuan 12\\sticky\\vendor\\laravel\\framework\\src\\Illuminate\\Database\\Migrations\\Migrator.php(213): Illuminate\\Database\\Migrations\\Migrator->runMigration(Object(Illuminate\\Database\\Migrations\\Migration@anonymous), 'up')
#13 C:\\Users\\Faathir.A.N\\OneDrive\\Documents\\Kuliah Moment\\SEMESTER 5\\P.PBW\\Pertemuan 12\\sticky\\vendor\\laravel\\framework\\src\\Illuminate\\Console\\View\\Components\\Task.php(40): Illuminate\\Database\\Migrations\\Migrator->Illuminate\\Database\\Migrations\\{closure}()
#14 C:\\Users\\Faathir.A.N\\OneDrive\\Documents\\Kuliah Moment\\SEMESTER 5\\P.PBW\\Pertemuan 12\\sticky\\vendor\\laravel\\framework\\src\\Illuminate\\Database\\Migrations\\Migrator.php(737): Illuminate\\Console\\View\\Components\\Task->render('2024_11_22_0715...', Object(Closure))
#15 C:\\Users\\Faathir.A.N\\OneDrive\\Documents\\Kuliah Moment\\SEMESTER 5\\P.PBW\\Pertemuan 12\\sticky\\vendor\\laravel\\framework\\src\\Illuminate\\Database\\Migrations\\Migrator.php(213): Illuminate\\Database\\Migrations\\Migrator->write('Illuminate\\\\Cons...', '2024_11_22_0715...', Object(Closure))
#16 C:\\Users\\Faathir.A.N\\OneDrive\\Documents\\Kuliah Moment\\SEMESTER 5\\P.PBW\\Pertemuan 12\\sticky\\vendor\\laravel\\framework\\src\\Illuminate\\Database\\Migrations\\Migrator.php(180): Illuminate\\Database\\Migrations\\Migrator->runUp('C:\\\\Users\\\\Faathi...', 2, false)
#17 C:\\Users\\Faathir.A.N\\OneDrive\\Documents\\Kuliah Moment\\SEMESTER 5\\P.PBW\\Pertemuan 12\\sticky\\vendor\\laravel\\framework\\src\\Illuminate\\Database\\Migrations\\Migrator.php(123): Illuminate\\Database\\Migrations\\Migrator->runPending(Array, Array)
#18 C:\\Users\\Faathir.A.N\\OneDrive\\Documents\\Kuliah Moment\\SEMESTER 5\\P.PBW\\Pertemuan 12\\sticky\\vendor\\laravel\\framework\\src\\Illuminate\\Database\\Console\\Migrations\\MigrateCommand.php(116): Illuminate\\Database\\Migrations\\Migrator->run(Array, Array)
#19 C:\\Users\\Faathir.A.N\\OneDrive\\Documents\\Kuliah Moment\\SEMESTER 5\\P.PBW\\Pertemuan 12\\sticky\\vendor\\laravel\\framework\\src\\Illuminate\\Database\\Migrations\\Migrator.php(616): Illuminate\\Database\\Console\\Migrations\\MigrateCommand->Illuminate\\Database\\Console\\Migrations\\{closure}()
#20 C:\\Users\\Faathir.A.N\\OneDrive\\Documents\\Kuliah Moment\\SEMESTER 5\\P.PBW\\Pertemuan 12\\sticky\\vendor\\laravel\\framework\\src\\Illuminate\\Database\\Console\\Migrations\\MigrateCommand.php(109): Illuminate\\Database\\Migrations\\Migrator->usingConnection(NULL, Object(Closure))
#21 C:\\Users\\Faathir.A.N\\OneDrive\\Documents\\Kuliah Moment\\SEMESTER 5\\P.PBW\\Pertemuan 12\\sticky\\vendor\\laravel\\framework\\src\\Illuminate\\Database\\Console\\Migrations\\MigrateCommand.php(88): Illuminate\\Database\\Console\\Migrations\\MigrateCommand->runMigrations()
#22 C:\\Users\\Faathir.A.N\\OneDrive\\Documents\\Kuliah Moment\\SEMESTER 5\\P.PBW\\Pertemuan 12\\sticky\\vendor\\laravel\\framework\\src\\Illuminate\\Container\\BoundMethod.php(36): Illuminate\\Database\\Console\\Migrations\\MigrateCommand->handle()
#23 C:\\Users\\Faathir.A.N\\OneDrive\\Documents\\Kuliah Moment\\SEMESTER 5\\P.PBW\\Pertemuan 12\\sticky\\vendor\\laravel\\framework\\src\\Illuminate\\Container\\Util.php(43): Illuminate\\Container\\BoundMethod::Illuminate\\Container\\{closure}()
#24 C:\\Users\\Faathir.A.N\\OneDrive\\Documents\\Kuliah Moment\\SEMESTER 5\\P.PBW\\Pertemuan 12\\sticky\\vendor\\laravel\\framework\\src\\Illuminate\\Container\\BoundMethod.php(95): Illuminate\\Container\\Util::unwrapIfClosure(Object(Closure))
#25 C:\\Users\\Faathir.A.N\\OneDrive\\Documents\\Kuliah Moment\\SEMESTER 5\\P.PBW\\Pertemuan 12\\sticky\\vendor\\laravel\\framework\\src\\Illuminate\\Container\\BoundMethod.php(35): Illuminate\\Container\\BoundMethod::callBoundMethod(Object(Illuminate\\Foundation\\Application), Array, Object(Closure))
#26 C:\\Users\\Faathir.A.N\\OneDrive\\Documents\\Kuliah Moment\\SEMESTER 5\\P.PBW\\Pertemuan 12\\sticky\\vendor\\laravel\\framework\\src\\Illuminate\\Container\\Container.php(694): Illuminate\\Container\\BoundMethod::call(Object(Illuminate\\Foundation\\Application), Array, Array, NULL)
#27 C:\\Users\\Faathir.A.N\\OneDrive\\Documents\\Kuliah Moment\\SEMESTER 5\\P.PBW\\Pertemuan 12\\sticky\\vendor\\laravel\\framework\\src\\Illuminate\\Console\\Command.php(213): Illuminate\\Container\\Container->call(Array)
#28 C:\\Users\\Faathir.A.N\\OneDrive\\Documents\\Kuliah Moment\\SEMESTER 5\\P.PBW\\Pertemuan 12\\sticky\\vendor\\symfony\\console\\Command\\Command.php(279): Illuminate\\Console\\Command->execute(Object(Symfony\\Component\\Console\\Input\\ArgvInput), Object(Illuminate\\Console\\OutputStyle))
#29 C:\\Users\\Faathir.A.N\\OneDrive\\Documents\\Kuliah Moment\\SEMESTER 5\\P.PBW\\Pertemuan 12\\sticky\\vendor\\laravel\\framework\\src\\Illuminate\\Console\\Command.php(182): Symfony\\Component\\Console\\Command\\Command->run(Object(Symfony\\Component\\Console\\Input\\ArgvInput), Object(Illuminate\\Console\\OutputStyle))
#30 C:\\Users\\Faathir.A.N\\OneDrive\\Documents\\Kuliah Moment\\SEMESTER 5\\P.PBW\\Pertemuan 12\\sticky\\vendor\\symfony\\console\\Application.php(1047): Illuminate\\Console\\Command->run(Object(Symfony\\Component\\Console\\Input\\ArgvInput), Object(Symfony\\Component\\Console\\Output\\ConsoleOutput))
#31 C:\\Users\\Faathir.A.N\\OneDrive\\Documents\\Kuliah Moment\\SEMESTER 5\\P.PBW\\Pertemuan 12\\sticky\\vendor\\symfony\\console\\Application.php(316): Symfony\\Component\\Console\\Application->doRunCommand(Object(Illuminate\\Database\\Console\\Migrations\\MigrateCommand), Object(Symfony\\Component\\Console\\Input\\ArgvInput), Object(Symfony\\Component\\Console\\Output\\ConsoleOutput))
#32 C:\\Users\\Faathir.A.N\\OneDrive\\Documents\\Kuliah Moment\\SEMESTER 5\\P.PBW\\Pertemuan 12\\sticky\\vendor\\symfony\\console\\Application.php(167): Symfony\\Component\\Console\\Application->doRun(Object(Symfony\\Component\\Console\\Input\\ArgvInput), Object(Symfony\\Component\\Console\\Output\\ConsoleOutput))
#33 C:\\Users\\Faathir.A.N\\OneDrive\\Documents\\Kuliah Moment\\SEMESTER 5\\P.PBW\\Pertemuan 12\\sticky\\vendor\\laravel\\framework\\src\\Illuminate\\Foundation\\Console\\Kernel.php(197): Symfony\\Component\\Console\\Application->run(Object(Symfony\\Component\\Console\\Input\\ArgvInput), Object(Symfony\\Component\\Console\\Output\\ConsoleOutput))
#34 C:\\Users\\Faathir.A.N\\OneDrive\\Documents\\Kuliah Moment\\SEMESTER 5\\P.PBW\\Pertemuan 12\\sticky\\vendor\\laravel\\framework\\src\\Illuminate\\Foundation\\Application.php(1205): Illuminate\\Foundation\\Console\\Kernel->handle(Object(Symfony\\Component\\Console\\Input\\ArgvInput), Object(Symfony\\Component\\Console\\Output\\ConsoleOutput))
#35 C:\\Users\\Faathir.A.N\\OneDrive\\Documents\\Kuliah Moment\\SEMESTER 5\\P.PBW\\Pertemuan 12\\sticky\\artisan(13): Illuminate\\Foundation\\Application->handleCommand(Object(Symfony\\Component\\Console\\Input\\ArgvInput))
#36 {main}
"} 
